mode: set
github.com/danilotorchio/goexpert/multithreading/models/brasil_api.go:14.45,16.2 1 1
github.com/danilotorchio/goexpert/multithreading/models/via_cep.go:19.42,21.2 1 1
github.com/danilotorchio/goexpert/multithreading/cmd/main.go:24.13,25.22 1 0
github.com/danilotorchio/goexpert/multithreading/cmd/main.go:25.22,27.3 1 0
github.com/danilotorchio/goexpert/multithreading/cmd/main.go:29.2,33.19 4 0
github.com/danilotorchio/goexpert/multithreading/cmd/main.go:33.19,35.3 1 0
github.com/danilotorchio/goexpert/multithreading/cmd/main.go:37.2,46.9 7 0
github.com/danilotorchio/goexpert/multithreading/cmd/main.go:47.28,49.45 2 0
github.com/danilotorchio/goexpert/multithreading/cmd/main.go:50.25,52.46 2 0
github.com/danilotorchio/goexpert/multithreading/cmd/main.go:53.20,54.25 1 0
github.com/danilotorchio/goexpert/multithreading/cmd/main.go:58.77,62.16 3 0
github.com/danilotorchio/goexpert/multithreading/cmd/main.go:62.16,64.3 1 0
github.com/danilotorchio/goexpert/multithreading/cmd/main.go:66.2,67.55 2 0
github.com/danilotorchio/goexpert/multithreading/cmd/main.go:67.55,69.3 1 0
github.com/danilotorchio/goexpert/multithreading/cmd/main.go:71.2,71.16 1 0
github.com/danilotorchio/goexpert/multithreading/cmd/main.go:74.71,78.16 3 0
github.com/danilotorchio/goexpert/multithreading/cmd/main.go:78.16,80.3 1 0
github.com/danilotorchio/goexpert/multithreading/cmd/main.go:82.2,83.55 2 0
github.com/danilotorchio/goexpert/multithreading/cmd/main.go:83.55,85.3 1 0
github.com/danilotorchio/goexpert/multithreading/cmd/main.go:87.2,87.16 1 0
github.com/danilotorchio/goexpert/multithreading/utils/utils.go:9.46,11.16 2 1
github.com/danilotorchio/goexpert/multithreading/utils/utils.go:11.16,13.3 1 0
github.com/danilotorchio/goexpert/multithreading/utils/utils.go:15.2,16.16 2 1
github.com/danilotorchio/goexpert/multithreading/utils/utils.go:16.16,18.3 1 0
github.com/danilotorchio/goexpert/multithreading/utils/utils.go:19.2,21.38 2 1
github.com/danilotorchio/goexpert/multithreading/utils/utils.go:21.38,23.17 2 1
github.com/danilotorchio/goexpert/multithreading/utils/utils.go:23.17,25.4 1 0
github.com/danilotorchio/goexpert/multithreading/utils/utils.go:27.3,27.52 1 1
github.com/danilotorchio/goexpert/multithreading/utils/utils.go:30.2,30.30 1 1
